<?xml version="1.0" encoding="UTF-8"?>
<!-- Generated by org.testng.reporters.JUnitReportReporter -->
<testsuite hostname="DESKTOP-90G7755" failures="0" tests="1" name="tests.LoginTest" time="2.604" errors="0" timestamp="2022-10-27T15:21:53 IST" skipped="0">
  <testcase classname="tests.LoginTest" name="verfiyLogin" time="2.604"/>
  <system-out/>
</testsuite> <!-- tests.LoginTest -->
